PRT1
90
168
4 0 4 (7168 -1024 0 ) (7168 -1024 768 ) (7168 -512 768 ) (7168 -512 0 ) 
4 0 2 (7168 -1024 768 ) (7168 -1024 0 ) (7424 -1024 0 ) (7424 -1024 768 ) 
4 1 5 (7168 -1024 -384 ) (7168 -1024 -32 ) (7168 -512 -32 ) (7168 -512 -384 ) 
4 1 3 (7168 -1024 -32 ) (7168 -1024 -384 ) (7424 -1024 -384 ) (7424 -1024 -32 ) 
4 2 37 (7424 -2048 0 ) (7424 -2048 768 ) (7168 -2048 768 ) (7168 -2048 0 ) 
4 2 27 (7168 -2048 0 ) (7168 -2048 768 ) (7168 -1920 768 ) (7168 -1920 0 ) 
4 2 15 (7168 -1920 768 ) (7168 -1024 768 ) (7168 -1024 0 ) (7168 -1920 0 ) 
4 3 38 (7424 -2048 -384 ) (7424 -2048 -32 ) (7168 -2048 -32 ) (7168 -2048 -384 ) 
4 3 28 (7168 -2048 -384 ) (7168 -2048 -32 ) (7168 -1920 -32 ) (7168 -1920 -384 ) 
4 3 16 (7168 -1920 -32 ) (7168 -1024 -32 ) (7168 -1024 -384 ) (7168 -1920 -384 ) 
4 4 15 (7168 -1024 0 ) (7168 -1024 768 ) (6912 -1024 768 ) (6912 -1024 0 ) 
4 4 8 (6912 -1024 0 ) (6912 -1024 192 ) (6912 -896 192 ) (6912 -896 0 ) 
4 4 7 (6912 -1024 224 ) (6912 -1024 384 ) (6912 -960 384 ) (6912 -960 224 ) 
4 4 6 (6912 -608 160 ) (6912 -608 0 ) (6912 -736 0 ) (6912 -736 160 ) 
4 5 16 (7168 -1024 -384 ) (7168 -1024 -32 ) (6912 -1024 -32 ) (6912 -1024 -384 ) 
4 5 9 (6912 -1024 -384 ) (6912 -1024 -176 ) (6912 -880 -176 ) (6912 -880 -384 ) 
4 6 12 (6848 -608 160 ) (6848 -608 0 ) (6848 -736 0 ) (6848 -736 160 ) 
4 7 17 (6912 -1024 224 ) (6912 -1024 384 ) (6848 -1024 384 ) (6848 -1024 224 ) 
4 7 12 (6848 -1024 224 ) (6848 -1024 384 ) (6848 -960 384 ) (6848 -960 224 ) 
4 8 18 (6912 -1024 0 ) (6912 -1024 192 ) (6848 -1024 192 ) (6848 -1024 0 ) 
4 8 12 (6848 -1024 128 ) (6848 -1024 192 ) (6848 -896 192 ) (6848 -896 0 ) 
3 8 10 (6848 -1024 0 ) (6848 -1024 128 ) (6848 -896 0 ) 
4 9 20 (6912 -1024 -384 ) (6912 -1024 -176 ) (6848 -1024 -176 ) (6848 -1024 -384 ) 
4 9 10 (6848 -1024 -384 ) (6848 -1024 -176 ) (6848 -880 -176 ) (6848 -880 -384 ) 
4 10 24 (6848 -1024 -384 ) (6848 -1024 128 ) (6672 -1024 128 ) (6672 -1024 -384 ) 
4 10 12 (6848 -1024 128 ) (6848 -512 -384 ) (6672 -512 -384 ) (6672 -1024 128 ) 
3 10 11 (6672 -1024 128 ) (6672 -512 -384 ) (6672 -1024 -384 ) 
4 11 25 (6208 -1024 -384 ) (6208 -1024 -512 ) (6672 -1024 -512 ) (6672 -1024 -384 ) 
4 11 24 (6672 -1024 128 ) (6208 -1024 128 ) (6208 -1024 -384 ) (6672 -1024 -384 ) 
3 11 14 (6208 -1024 -448 ) (6208 -1024 128 ) (6208 -448 -448 ) 
4 11 12 (6656 -512 -384 ) (6656 -1024 128 ) (6672 -1024 128 ) (6672 -512 -384 ) 
4 11 13 (6656 -384 -512 ) (6208 -384 -512 ) (6208 -1024 128 ) (6656 -1024 128 ) 
4 12 24 (6848 -1024 128 ) (6848 -1024 768 ) (6656 -1024 768 ) (6656 -1024 128 ) 
4 12 13 (6656 -512 -384 ) (6656 -1024 128 ) (6656 -1024 768 ) (6656 -512 768 ) 
4 13 24 (6656 -1024 768 ) (6208 -1024 768 ) (6208 -1024 128 ) (6656 -1024 128 ) 
4 13 14 (6208 -448 -448 ) (6208 -1024 128 ) (6208 -1024 704 ) (6208 -448 704 ) 
4 14 30 (6144 -1024 -448 ) (6144 -1024 704 ) (6144 -448 704 ) (6144 -448 -448 ) 
4 14 26 (6208 -1024 -448 ) (6208 -1024 704 ) (6144 -1024 704 ) (6144 -1024 -448 ) 
4 15 27 (7168 -1920 0 ) (7168 -1920 768 ) (6912 -1920 768 ) (6912 -1920 0 ) 
4 15 19 (6912 -1920 0 ) (6912 -1920 768 ) (6912 -1600 768 ) (6912 -1600 0 ) 
4 15 18 (6912 -1024 192 ) (6912 -1024 0 ) (6912 -1408 0 ) (6912 -1408 192 ) 
4 15 17 (6912 -1024 384 ) (6912 -1024 224 ) (6912 -1344 224 ) (6912 -1344 384 ) 
4 16 28 (7168 -1920 -384 ) (7168 -1920 -32 ) (6912 -1920 -32 ) (6912 -1920 -384 ) 
4 16 21 (6912 -1920 -384 ) (6912 -1920 -32 ) (6912 -1600 -32 ) (6912 -1600 -384 ) 
4 16 20 (6912 -1024 -176 ) (6912 -1024 -384 ) (6912 -1424 -384 ) (6912 -1424 -176 ) 
4 17 24 (6848 -1024 384 ) (6848 -1024 224 ) (6848 -1344 224 ) (6848 -1344 384 ) 
4 18 24 (6848 -1024 192 ) (6848 -1024 0 ) (6848 -1408 0 ) (6848 -1408 192 ) 
4 19 27 (6912 -1920 0 ) (6912 -1920 768 ) (6848 -1920 768 ) (6848 -1920 0 ) 
4 19 22 (6848 -1920 0 ) (6848 -1920 768 ) (6848 -1760 768 ) (6848 -1760 0 ) 
4 20 24 (6848 -1024 -384 ) (6848 -1424 -384 ) (6848 -1424 -176 ) (6848 -1024 -176 ) 
4 21 28 (6912 -1920 -384 ) (6912 -1920 -32 ) (6848 -1920 -32 ) (6848 -1920 -384 ) 
4 21 23 (6848 -1760 -384 ) (6848 -1920 -384 ) (6848 -1920 -32 ) (6848 -1760 -32 ) 
4 22 27 (6848 -1920 768 ) (6784 -1920 768 ) (6784 -1920 0 ) (6848 -1920 0 ) 
4 23 28 (6784 -1920 -32 ) (6784 -1920 -384 ) (6848 -1920 -384 ) (6848 -1920 -32 ) 
4 24 29 (6656 -1920 768 ) (6208 -1920 768 ) (6208 -1920 -384 ) (6656 -1920 -384 ) 
4 24 26 (6208 -1024 704 ) (6208 -1024 -384 ) (6208 -1792 -384 ) (6208 -1792 704 ) 
5 24 25 (6208 -1920 -384 ) (6208 -1024 -384 ) (6672 -1024 -384 ) (6672 -1893.333374 -384 ) (6656 -1920 -384 ) 
4 25 29 (6656 -1920 -384 ) (6208 -1920 -384 ) (6208 -1920 -512 ) (6656 -1920 -512 ) 
4 25 26 (6208 -1792 -448 ) (6208 -1792 -384 ) (6208 -1024 -384 ) (6208 -1024 -448 ) 
4 26 33 (6144 -1024 704 ) (6144 -1024 -448 ) (6144 -1792 -448 ) (6144 -1792 704 ) 
4 27 41 (7168 -2048 0 ) (7168 -2048 768 ) (6784 -2048 768 ) (6784 -2048 0 ) 
4 28 42 (7168 -2048 -384 ) (7168 -2048 -32 ) (6784 -2048 -32 ) (6784 -2048 -384 ) 
4 30 33 (6144 -1024 -512 ) (6144 -1024 768 ) (5184 -1024 768 ) (5184 -1024 -512 ) 
4 30 31 (5184 -1024 -480 ) (5184 -1024 608 ) (5184 -448 608 ) (5184 -448 -480 ) 
4 31 34 (5184 -1024 -480 ) (5184 -1024 608 ) (5120 -1024 608 ) (5120 -1024 -480 ) 
4 31 32 (5120 -1024 -480 ) (5120 -1024 608 ) (5120 -448 608 ) (5120 -448 -480 ) 
4 32 45 (4096 -1024 -509.935486 ) (4096 -1024 933.161316 ) (4096 -384 933.161255 ) (4096 -384 -509.935455 ) 
4 32 36 (5120 -1024 -576 ) (5120 -1024 768 ) (4096 -1024 933.161255 ) (4096 -1024 -509.935455 ) 
4 33 35 (5184 -1280 448 ) (5184 -1280 -192 ) (5184 -1728 -192 ) (5184 -1728 448 ) 
4 33 34 (5184 -1152 608 ) (5184 -1024 608 ) (5184 -1024 -480 ) (5184 -1152 -480 ) 
4 34 36 (5120 -1024 608 ) (5120 -1024 -480 ) (5120 -1152 -480 ) (5120 -1152 608 ) 
4 35 36 (5120 -1728 -192 ) (5120 -1728 448 ) (5120 -1280 448 ) (5120 -1280 -192 ) 
4 36 47 (4096 -1920 -509.935486 ) (4096 -1920 933.161316 ) (4096 -1024 933.161255 ) (4096 -1024 -509.935455 ) 
4 37 41 (7168 -2048 768 ) (7168 -2048 0 ) (7168 -2432 0 ) (7168 -2432 768 ) 
4 37 39 (7424 -2432 0 ) (7424 -2432 768 ) (7168 -2432 768 ) (7168 -2432 0 ) 
4 38 42 (7168 -2048 -32 ) (7168 -2048 -384 ) (7168 -2432 -384 ) (7168 -2432 -32 ) 
4 38 39 (7168 -2432 -384 ) (7424 -2432 -384 ) (7424 -2432 -32 ) (7168 -2432 -32 ) 
4 39 43 (7168 -2432 -384 ) (7168 -3072 -384 ) (7168 -3072 768 ) (7168 -2432 768 ) 
4 39 40 (7424 -3072 -384 ) (7424 -3072 768 ) (7168 -3072 768 ) (7168 -3072 -384 ) 
4 40 44 (7168 -3584 -384 ) (7168 -3584 768 ) (7168 -3072 768 ) (7168 -3072 -384 ) 
4 41 43 (6784 -2432 768 ) (6784 -2432 0 ) (7168 -2432 0 ) (7168 -2432 768 ) 
4 42 43 (6784 -2432 -32 ) (6784 -2432 -384 ) (7168 -2432 -384 ) (7168 -2432 -32 ) 
4 43 44 (7168 -3072 -384 ) (7168 -3072 768 ) (6784 -3072 768 ) (6784 -3072 -384 ) 
4 45 47 (4096 -1024 -509.935486 ) (4096 -1024 933.161255 ) (3136 -1024 1088 ) (3136 -1024 -448 ) 
5 45 46 (3136 -1024 -288 ) (3136 -1024 1024 ) (3136 -928 1024 ) (3136 -448 544 ) (3136 -448 -288 ) 
5 46 49 (3072 -1024 -288 ) (3072 -1024 1024 ) (3072 -928 1024 ) (3072 -448 544 ) (3072 -448 -288 ) 
4 46 48 (3136 -1024 -288 ) (3136 -1024 1024 ) (3072 -1024 1024 ) (3072 -1024 -288 ) 
5 47 48 (3136 -1024 1024 ) (3136 -1024 -288 ) (3136 -1856 -288 ) (3136 -1856 512 ) (3136 -1344 1024 ) 
5 48 57 (3072 -1344 1024 ) (3072 -1024 1024 ) (3072 -1024 -288 ) (3072 -1856 -288 ) (3072 -1856 512 ) 
4 49 57 (3072 -1024 -384 ) (3072 -1024 1088 ) (2048 -1024 1088 ) (2048 -1024 -293.647064 ) 
4 49 56 (2048 -1024 -293.647064 ) (2048 -1024 -128 ) (2048 -384 -128 ) (2048 -384 -293.647064 ) 
4 49 54 (2048 -1024 -128 ) (2048 -1024 0 ) (2048 -384 0 ) (2048 -384 -128 ) 
4 49 50 (2048 -1024 0 ) (2048 -1024 1088 ) (2048 -384 1088 ) (2048 -384 0 ) 
4 50 58 (2048 -1024 0 ) (2048 -1024 1088 ) (1056 -1024 1088 ) (1056 -1024 0 ) 
4 50 54 (2048 -1024 0 ) (1056 -1024 0 ) (1056 -384 0 ) (2048 -384 0 ) 
4 50 53 (1056 -864 0 ) (1056 -1024 0 ) (1056 -1024 160 ) (1056 -864 160 ) 
4 50 52 (1056 -1024 192 ) (1056 -1024 1088 ) (1056 -832 1088 ) (1056 -832 192 ) 
4 50 51 (1056 -384 0 ) (1056 -832 0 ) (1056 -832 1088 ) (1056 -384 1088 ) 
4 51 65 (1024 -832 1088 ) (1024 -384 1088 ) (1024 -384 0 ) (1024 -832 0 ) 
4 51 55 (1024 -832 0 ) (1024 -384 0 ) (1056 -384 0 ) (1056 -832 0 ) 
4 51 52 (1056 -832 192 ) (1056 -832 1088 ) (1024 -832 1088 ) (1024 -832 192 ) 
4 52 66 (1024 -1024 192 ) (1024 -1024 1088 ) (1024 -832 1088 ) (1024 -832 192 ) 
4 52 59 (1056 -1024 1088 ) (1024 -1024 1088 ) (1024 -1024 192 ) (1056 -1024 192 ) 
4 53 67 (1024 -1024 0 ) (1024 -1024 160 ) (1024 -864 160 ) (1024 -864 0 ) 
4 53 60 (1024 -1024 160 ) (1024 -1024 0 ) (1056 -1024 0 ) (1056 -1024 160 ) 
4 54 62 (2048 -1024 -128 ) (2048 -1024 0 ) (1056 -1024 0 ) (1056 -1024 -128 ) 
4 54 56 (1056 -384 -128 ) (2048 -384 -128 ) (2048 -1024 -128 ) (1056 -1024 -128 ) 
4 54 55 (1056 -384 -128 ) (1056 -832 -128 ) (1056 -832 0 ) (1056 -384 0 ) 
4 55 75 (1024 -384 -64 ) (1024 -384 -128 ) (1024 -832 -128 ) (1024 -832 -64 ) 
4 55 74 (1024 -832 0 ) (1024 -768 0 ) (1024 -768 -64 ) (1024 -832 -64 ) 
4 55 70 (1024 -768 0 ) (1024 -512 0 ) (1024 -512 -64 ) (1024 -768 -64 ) 
4 55 69 (1024 -512 0 ) (1024 -384 0 ) (1024 -384 -64 ) (1024 -512 -64 ) 
4 55 56 (1024 -384 -128 ) (1056 -384 -128 ) (1056 -832 -128 ) (1024 -832 -128 ) 
4 56 79 (1024 -1024 -203.294113 ) (1024 -1024 -136 ) (1024 -384 -136 ) (1024 -384 -203.294113 ) 
4 56 76 (1024 -1024 -136 ) (1024 -1024 -128 ) (1024 -832 -128 ) (1024 -832 -136 ) 
4 56 75 (1024 -832 -128 ) (1024 -384 -128 ) (1024 -384 -136 ) (1024 -832 -136 ) 
4 56 64 (2048 -1024 -293.647064 ) (2048 -1024 -128 ) (1024 -1024 -128 ) (1024 -1024 -203.294113 ) 
4 57 64 (2048 -1024 -128 ) (2048 -1024 -293.647064 ) (2048 -1920 -293.647064 ) (2048 -1920 -128 ) 
4 57 62 (2048 -1024 0 ) (2048 -1024 -128 ) (2048 -1920 -128 ) (2048 -1920 0 ) 
4 57 58 (2048 -1024 1088 ) (2048 -1024 0 ) (2048 -1920 0 ) (2048 -1920 1088 ) 
4 58 62 (2048 -1920 0 ) (1056 -1920 0 ) (1056 -1024 0 ) (2048 -1024 0 ) 
4 58 61 (1056 -1472 0 ) (1056 -1920 0 ) (1056 -1920 192 ) (1056 -1472 192 ) 
4 58 60 (1056 -1024 0 ) (1056 -1440 0 ) (1056 -1440 160 ) (1056 -1024 160 ) 
4 58 59 (1056 -1920 192 ) (1056 -1920 1088 ) (1056 -1024 1088 ) (1056 -1024 192 ) 
4 59 82 (1024 -1920 192 ) (1024 -1920 1088 ) (1024 -1472 1088 ) (1024 -1472 192 ) 
4 59 80 (1024 -1472 1088 ) (1024 -1024 1088 ) (1024 -1024 192 ) (1024 -1472 192 ) 
4 59 61 (1056 -1472 192 ) (1056 -1920 192 ) (1024 -1920 192 ) (1024 -1472 192 ) 
4 60 81 (1024 -1024 160 ) (1024 -1024 0 ) (1024 -1440 0 ) (1024 -1440 160 ) 
4 61 82 (1024 -1920 0 ) (1024 -1920 192 ) (1024 -1472 192 ) (1024 -1472 0 ) 
4 61 63 (1056 -1920 0 ) (1024 -1920 0 ) (1024 -1472 0 ) (1056 -1472 0 ) 
4 62 64 (2048 -1920 -128 ) (1056 -1920 -128 ) (1056 -1024 -128 ) (2048 -1024 -128 ) 
4 62 63 (1056 -1472 -128 ) (1056 -1920 -128 ) (1056 -1920 0 ) (1056 -1472 0 ) 
4 63 89 (1024 -1920 -128 ) (1024 -1920 0 ) (1024 -1472 0 ) (1024 -1472 -128 ) 
4 63 64 (1056 -1920 -128 ) (1024 -1920 -128 ) (1024 -1472 -128 ) (1056 -1472 -128 ) 
4 64 89 (1024 -1920 -203.294113 ) (1024 -1920 -128 ) (1024 -1472 -128 ) (1024 -1472 -203.294113 ) 
4 64 88 (1024 -1472 -128 ) (1024 -1024 -128 ) (1024 -1024 -203.294113 ) (1024 -1472 -203.294113 ) 
4 65 74 (1024 -768 0 ) (1024 -832 0 ) (896 -832 0 ) (896 -768 0 ) 
4 65 70 (1024 -512 0 ) (1024 -768 0 ) (896 -768 0 ) (896 -512 0 ) 
4 65 69 (1024 -384 0 ) (1024 -512 0 ) (896 -512 0 ) (896 -384 0 ) 
4 65 66 (1024 -832 1088 ) (896 -832 1088 ) (896 -832 192 ) (1024 -832 192 ) 
4 66 80 (1024 -1024 192 ) (1024 -1024 1088 ) (896 -1024 1088 ) (896 -1024 192 ) 
4 67 81 (1024 -1024 0 ) (1024 -1024 160 ) (576 -1024 160 ) (576 -1024 0 ) 
4 68 86 (0 -1024 112 ) (0 -1024 0 ) (512 -1024 0 ) (512 -1024 112 ) 
4 68 83 (0 -1024 2368 ) (0 -1024 112 ) (512 -1024 112 ) (512 -1024 2368 ) 
6 68 71 (72 -512 0 ) (440 -512 0 ) (440 -704 0 ) (352 -768 0 ) (160.003113 -768 0 ) (72 -703.997742 0 ) 
4 69 75 (896 -384 -64 ) (1024 -384 -64 ) (1024 -512 -64 ) (896 -512 -64 ) 
4 69 70 (896 -512 -64 ) (1024 -512 -64 ) (1024 -512 0 ) (896 -512 0 ) 
4 70 75 (896 -512 -64 ) (1024 -512 -64 ) (1024 -768 -64 ) (896 -768 -64 ) 
4 70 74 (896 -768 -64 ) (1024 -768 -64 ) (1024 -768 0 ) (896 -768 0 ) 
4 71 73 (440 -559 -8 ) (440 -609 -8 ) (394.500000 -654.500000 -8 ) (369.500000 -629.500000 -8 ) 
4 71 72 (72 -609 -8 ) (72 -559 -8 ) (143 -630 -8 ) (118 -655 -8 ) 
4 72 77 (118 -655 -64 ) (72 -609 -64 ) (72 -559 -64 ) (143 -630 -64 ) 
4 73 78 (440 -560 -64 ) (440 -609 -64 ) (394.500000 -654.500000 -64 ) (370 -630 -64 ) 
4 74 75 (896 -768 -64 ) (1024 -768 -64 ) (1024 -832 -64 ) (896 -832 -64 ) 
4 75 79 (896 -384 -136 ) (1024 -384 -136 ) (1024 -832 -136 ) (896 -832 -136 ) 
4 75 76 (896 -832 -136 ) (1024 -832 -136 ) (1024 -832 -128 ) (896 -832 -128 ) 
4 76 88 (1024 -1024 -136 ) (1024 -1024 -128 ) (896 -1024 -128 ) (896 -1024 -136 ) 
4 76 79 (1024 -1024 -136 ) (896 -1024 -136 ) (896 -832 -136 ) (1024 -832 -136 ) 
4 79 88 (1024 -1024 -203.294098 ) (1024 -1024 -136 ) (896 -1024 -136 ) (896 -1024 -192 ) 
4 80 82 (1024 -1472 1088 ) (896 -1472 1088 ) (896 -1472 192 ) (1024 -1472 192 ) 
4 81 84 (576 -1024 0 ) (576 -1280 0 ) (576 -1280 112 ) (576 -1024 112 ) 
4 82 89 (896 -1472 0 ) (1024 -1472 0 ) (1024 -1920 0 ) (896 -1920 0 ) 
4 83 87 (512 -1536 112 ) (0 -1536 112 ) (0 -1280 112 ) (512 -1280 112 ) 
4 83 86 (0 -1280 112 ) (0 -1024 112 ) (512 -1024 112 ) (512 -1280 112 ) 
4 84 85 (536 -1024 0 ) (536 -1280 0 ) (536 -1280 112 ) (536 -1024 112 ) 
4 85 86 (520 -1024 0 ) (520 -1280 0 ) (520 -1280 112 ) (520 -1024 112 ) 
4 86 87 (0 -1280 0 ) (512 -1280 0 ) (512 -1280 112 ) (0 -1280 112 ) 
4 88 89 (1024 -1472 -203.294113 ) (1024 -1472 -128 ) (896 -1472 -128 ) (896 -1472 -192 ) 
