PRT1
68
140
4 0 18 (0 2048 -1000 ) (0 2048 -512 ) (0 2560 -512 ) (0 2560 -1000 ) 
4 0 2 (256 2048 -512 ) (0 2048 -512 ) (0 2048 -1000 ) (256 2048 -1000 ) 
4 0 1 (256 2048 -1000 ) (0 2048 -1000 ) (0 2560 -1000 ) (128 2560 -1000 ) 
4 1 19 (0 2048 -1024 ) (0 2048 -1000 ) (0 2560 -1000 ) (0 2560 -1024 ) 
4 1 3 (256 2048 -1000 ) (0 2048 -1000 ) (0 2048 -1024 ) (256 2048 -1024 ) 
4 2 20 (0 1024 -1000 ) (0 1024 -512 ) (0 2048 -512 ) (0 2048 -1000 ) 
4 2 7 (688 1024 -512 ) (672 1024 -512 ) (672 1024 -1000 ) (688 1024 -1000 ) 
4 2 10 (672 1024 -512 ) (0 1024 -512 ) (0 1024 -1000 ) (672 1024 -1000 ) 
4 2 4 (716.800049 1024 -512 ) (688 1024 -512 ) (688 1024 -1000 ) (716.799988 1024 -1000 ) 
4 2 3 (716.800049 1024 -1000 ) (0 1024 -1000 ) (0 2048 -1000 ) (512 2048 -1000 ) 
4 3 21 (0 1024 -1024 ) (0 1024 -1000 ) (0 2048 -1000 ) (0 2048 -1024 ) 
4 3 15 (688 1024 -1000 ) (672 1024 -1000 ) (672 1024 -1024 ) (688 1024 -1024 ) 
4 3 11 (716.800049 1024 -1000 ) (688 1024 -1000 ) (688 1024 -1024 ) (716.799988 1024 -1024 ) 
4 3 17 (672 1024 -1000 ) (0 1024 -1000 ) (0 1024 -1024 ) (672 1024 -1024 ) 
5 4 11 (688 616 -1000 ) (688 1024 -1000 ) (716.800049 1024 -1000 ) (768 768 -1000 ) (768 656 -1000 ) 
4 4 7 (688 1024 -1000 ) (688 616 -1000 ) (688 616 -512 ) (688 1024 -512 ) 
4 5 35 (896 0 -996 ) (896 0 -832 ) (888 0 -832 ) (888 0 -996 ) 
4 5 6 (888 0 -832 ) (888 700 -832 ) (888 700 -996 ) (888 0 -996 ) 
4 6 36 (688 0 -832 ) (688 0 -1000 ) (888 0 -1000 ) (888 0 -832 ) 
4 6 14 (768 0 -1000 ) (688 0 -1000 ) (688 600 -1000 ) (768 640 -1000 ) 
4 6 13 (888 0 -1000 ) (768 0 -1000 ) (768 640 -1000 ) (888 700 -1000 ) 
4 6 9 (688 128 -1000 ) (688 0 -1000 ) (688 0 -864 ) (688 128 -864 ) 
4 6 8 (688 256 -960 ) (688 256 -896 ) (688 448 -896 ) (688 448 -960 ) 
4 7 15 (672 608 -1000 ) (672 1024 -1000 ) (688 1024 -1000 ) (688 616 -1000 ) 
4 7 10 (672 1024 -1000 ) (672 608 -1000 ) (672 608 -512 ) (672 1024 -512 ) 
4 8 10 (672 256 -960 ) (672 256 -896 ) (672 448 -896 ) (672 448 -960 ) 
4 9 37 (672 0 -864 ) (672 0 -1000 ) (688 0 -1000 ) (688 0 -864 ) 
4 9 16 (688 0 -1000 ) (672 0 -1000 ) (672 128 -1000 ) (688 128 -1000 ) 
4 9 10 (672 128 -1000 ) (672 0 -1000 ) (672 0 -864 ) (672 128 -864 ) 
4 10 40 (672 0 -512 ) (0 0 -512 ) (0 0 -1000 ) (672 0 -1000 ) 
4 10 24 (0 0 -1000 ) (0 0 -512 ) (0 592 -512 ) (0 592 -1000 ) 
4 10 23 (0 592 -512 ) (0 608 -512 ) (0 608 -1000 ) (0 592 -1000 ) 
4 10 22 (0 608 -512 ) (0 1024 -512 ) (0 1024 -1000 ) (0 608 -1000 ) 
4 10 17 (672 0 -1000 ) (0 0 -1000 ) (0 1024 -1000 ) (672 1024 -1000 ) 
4 11 15 (688 1024 -1024 ) (688 616 -1024 ) (688 616 -1000 ) (688 1024 -1000 ) 
4 12 42 (888 0 -1008 ) (888 0 -1024 ) (896 0 -1024 ) (896 0 -1008 ) 
4 12 13 (888 700 -1024 ) (888 0 -1024 ) (888 0 -1008 ) (888 700 -1008 ) 
4 13 43 (888 0 -1000 ) (768 0 -1000 ) (768 0 -1024 ) (888 0 -1024 ) 
4 13 14 (768 640 -1024 ) (768 0 -1024 ) (768 0 -1000 ) (768 640 -1000 ) 
4 14 44 (768 0 -1000 ) (688 0 -1000 ) (688 0 -1024 ) (768 0 -1024 ) 
4 14 16 (688 128 -1024 ) (688 0 -1024 ) (688 0 -1000 ) (688 128 -1000 ) 
4 15 17 (672 1024 -1024 ) (672 608 -1024 ) (672 608 -1000 ) (672 1024 -1000 ) 
4 16 45 (688 0 -1000 ) (672 0 -1000 ) (672 0 -1024 ) (688 0 -1024 ) 
4 16 17 (672 128 -1024 ) (672 0 -1024 ) (672 0 -1000 ) (672 128 -1000 ) 
4 17 47 (672 0 -1000 ) (0 0 -1000 ) (0 0 -1024 ) (672 0 -1024 ) 
4 17 30 (0 0 -1024 ) (0 0 -1000 ) (0 592 -1000 ) (0 592 -1024 ) 
4 17 29 (0 592 -1000 ) (0 608 -1000 ) (0 608 -1024 ) (0 592 -1024 ) 
4 17 28 (0 608 -1000 ) (0 1024 -1000 ) (0 1024 -1024 ) (0 608 -1024 ) 
4 18 20 (0 2048 -1000 ) (0 2048 -512 ) (-256 2048 -512 ) (-256 2048 -1000 ) 
4 18 19 (-128 2560 -1000 ) (0 2560 -1000 ) (0 2048 -1000 ) (-256 2048 -1000 ) 
4 19 21 (0 2048 -1024 ) (0 2048 -1000 ) (-256 2048 -1000 ) (-256 2048 -1024 ) 
4 20 22 (0 1024 -1000 ) (0 1024 -512 ) (-716.799927 1024 -512 ) (-716.799927 1024 -1000 ) 
4 20 21 (-512 2048 -1000 ) (0 2048 -1000 ) (0 1024 -1000 ) (-716.799927 1024 -1000 ) 
4 21 28 (0 1024 -1024 ) (0 1024 -1000 ) (-716.799927 1024 -1000 ) (-716.799927 1024 -1024 ) 
5 22 28 (-716.799988 1024 -1000 ) (0 1024 -1000 ) (0 608 -1000 ) (-768 608 -1000 ) (-768 768 -1000 ) 
4 22 23 (-672 608 -1000 ) (0 608 -1000 ) (0 608 -512 ) (-672 608 -512 ) 
4 23 29 (0 608 -1000 ) (0 592 -1000 ) (-672 592 -1000 ) (-672 608 -1000 ) 
4 23 24 (-672 592 -1000 ) (0 592 -1000 ) (0 592 -512 ) (-672 592 -512 ) 
4 24 52 (0 0 -1000 ) (0 0 -512 ) (-672 0 -512 ) (-672 0 -1000 ) 
4 24 30 (0 0 -1000 ) (-672 0 -1000 ) (-672 592 -1000 ) (0 592 -1000 ) 
4 24 26 (-672 128 -1000 ) (-672 0 -1000 ) (-672 0 -864 ) (-672 128 -864 ) 
4 24 25 (-672 256 -960 ) (-672 256 -896 ) (-672 448 -896 ) (-672 448 -960 ) 
4 25 27 (-688 256 -960 ) (-688 256 -896 ) (-688 448 -896 ) (-688 448 -960 ) 
4 26 53 (-688 0 -864 ) (-688 0 -1000 ) (-672 0 -1000 ) (-672 0 -864 ) 
4 26 31 (-672 0 -1000 ) (-688 0 -1000 ) (-688 128 -1000 ) (-672 128 -1000 ) 
4 26 27 (-688 128 -1000 ) (-688 0 -1000 ) (-688 0 -864 ) (-688 128 -864 ) 
4 27 55 (-896 0 -832 ) (-896 0 -1000 ) (-688 0 -1000 ) (-688 0 -832 ) 
4 27 33 (-768 0 -1000 ) (-896 0 -1000 ) (-896 592 -1000 ) (-768 592 -1000 ) 
4 27 32 (-688 0 -1000 ) (-768 0 -1000 ) (-768 592 -1000 ) (-688 592 -1000 ) 
4 28 29 (-672 608 -1024 ) (0 608 -1024 ) (0 608 -1000 ) (-672 608 -1000 ) 
4 29 30 (-672 592 -1024 ) (0 592 -1024 ) (0 592 -1000 ) (-672 592 -1000 ) 
4 30 58 (0 0 -1024 ) (0 0 -1000 ) (-672 0 -1000 ) (-672 0 -1024 ) 
4 30 31 (-672 128 -1024 ) (-672 0 -1024 ) (-672 0 -1000 ) (-672 128 -1000 ) 
4 31 59 (-672 0 -1000 ) (-688 0 -1000 ) (-688 0 -1024 ) (-672 0 -1024 ) 
4 31 32 (-688 128 -1024 ) (-688 0 -1024 ) (-688 0 -1000 ) (-688 128 -1000 ) 
4 32 60 (-688 0 -1000 ) (-768 0 -1000 ) (-768 0 -1024 ) (-688 0 -1024 ) 
4 32 33 (-768 592 -1000 ) (-768 592 -1024 ) (-768 0 -1024 ) (-768 0 -1000 ) 
4 33 61 (-768 0 -1000 ) (-896 0 -1000 ) (-896 0 -1024 ) (-768 0 -1024 ) 
4 34 48 (716.799988 -1024 -512 ) (688 -1024 -512 ) (688 -1024 -1000 ) (716.799988 -1024 -1000 ) 
5 34 41 (716.799988 -1024 -1000 ) (688 -1024 -1000 ) (688 -616 -1000 ) (768 -656 -1000 ) (768 -768 -1000 ) 
4 34 39 (688 -616 -1000 ) (688 -1024 -1000 ) (688 -1024 -512 ) (688 -616 -512 ) 
4 35 36 (888 -700 -832 ) (888 0 -832 ) (888 0 -996 ) (888 -700 -996 ) 
4 36 44 (688 -600 -1000 ) (688 0 -1000 ) (768 0 -1000 ) (768 -640 -1000 ) 
4 36 43 (768 0 -1000 ) (888 0 -1000 ) (888 -700 -1000 ) (768 -640 -1000 ) 
4 36 38 (688 -448 -960 ) (688 -448 -896 ) (688 -256 -896 ) (688 -256 -960 ) 
4 36 37 (688 0 -1000 ) (688 -128 -1000 ) (688 -128 -864 ) (688 0 -864 ) 
4 37 45 (672 -128 -1000 ) (672 0 -1000 ) (688 0 -1000 ) (688 -128 -1000 ) 
4 37 40 (672 0 -1000 ) (672 -128 -1000 ) (672 -128 -864 ) (672 0 -864 ) 
4 38 40 (672 -448 -960 ) (672 -448 -896 ) (672 -256 -896 ) (672 -256 -960 ) 
4 39 48 (688 -1024 -512 ) (672 -1024 -512 ) (672 -1024 -1000 ) (688 -1024 -1000 ) 
4 39 46 (688 -1024 -1000 ) (672 -1024 -1000 ) (672 -608 -1000 ) (688 -616 -1000 ) 
4 39 40 (672 -608 -1000 ) (672 -1024 -1000 ) (672 -1024 -512 ) (672 -608 -512 ) 
4 40 56 (0 -592 -1000 ) (0 -1024 -1000 ) (0 -1024 -512 ) (0 -592 -512 ) 
4 40 52 (0 0 -512 ) (0 0 -1000 ) (0 -592 -1000 ) (0 -592 -512 ) 
4 40 48 (672 -1024 -512 ) (0 -1024 -512 ) (0 -1024 -1000 ) (672 -1024 -1000 ) 
4 40 47 (672 -1024 -1000 ) (0 -1024 -1000 ) (0 0 -1000 ) (672 0 -1000 ) 
4 41 49 (716.799988 -1024 -1000 ) (688 -1024 -1000 ) (688 -1024 -1024 ) (716.799988 -1024 -1024 ) 
4 41 46 (688 -616 -1024 ) (688 -1024 -1024 ) (688 -1024 -1000 ) (688 -616 -1000 ) 
4 42 43 (888 0 -1024 ) (888 -700 -1024 ) (888 -700 -1008 ) (888 0 -1008 ) 
4 43 44 (768 0 -1024 ) (768 -640 -1024 ) (768 -640 -1000 ) (768 0 -1000 ) 
4 44 45 (688 0 -1024 ) (688 -128 -1024 ) (688 -128 -1000 ) (688 0 -1000 ) 
4 45 47 (672 0 -1024 ) (672 -128 -1024 ) (672 -128 -1000 ) (672 0 -1000 ) 
4 46 49 (688 -1024 -1000 ) (672 -1024 -1000 ) (672 -1024 -1024 ) (688 -1024 -1024 ) 
4 46 47 (672 -608 -1024 ) (672 -1024 -1024 ) (672 -1024 -1000 ) (672 -608 -1000 ) 
4 47 62 (0 -592 -1024 ) (0 -1024 -1024 ) (0 -1024 -1000 ) (0 -592 -1000 ) 
4 47 58 (0 0 -1000 ) (0 0 -1024 ) (0 -592 -1024 ) (0 -592 -1000 ) 
4 47 49 (672 -1024 -1000 ) (0 -1024 -1000 ) (0 -1024 -1024 ) (672 -1024 -1024 ) 
4 48 64 (0 -2048 -1000 ) (0 -2048 -512 ) (0 -1024 -512 ) (0 -1024 -1000 ) 
4 48 50 (256 -2048 -512 ) (0 -2048 -512 ) (0 -2048 -1000 ) (256 -2048 -1000 ) 
4 48 49 (512 -2048 -1000 ) (0 -2048 -1000 ) (0 -1024 -1000 ) (716.799927 -1024 -1000 ) 
4 49 65 (0 -2048 -1024 ) (0 -2048 -1000 ) (0 -1024 -1000 ) (0 -1024 -1024 ) 
4 49 51 (256 -2048 -1000 ) (0 -2048 -1000 ) (0 -2048 -1024 ) (256 -2048 -1024 ) 
4 50 66 (0 -2560 -512 ) (0 -2048 -512 ) (0 -2048 -1000 ) (0 -2560 -1000 ) 
4 50 51 (0 -2560 -1000 ) (0 -2048 -1000 ) (256 -2048 -1000 ) (128 -2560 -1000 ) 
4 51 67 (0 -2560 -1000 ) (0 -2048 -1000 ) (0 -2048 -1024 ) (0 -2560 -1024 ) 
4 52 58 (-672 0 -1000 ) (0 0 -1000 ) (0 -592 -1000 ) (-672 -592 -1000 ) 
4 52 56 (-672 -592 -1000 ) (0 -592 -1000 ) (0 -592 -512 ) (-672 -592 -512 ) 
4 52 54 (-672 -448 -960 ) (-672 -448 -896 ) (-672 -256 -896 ) (-672 -256 -960 ) 
4 52 53 (-672 0 -1000 ) (-672 -128 -1000 ) (-672 -128 -864 ) (-672 0 -864 ) 
4 53 59 (-688 0 -1000 ) (-672 0 -1000 ) (-672 -128 -1000 ) (-688 -128 -1000 ) 
4 53 55 (-688 0 -1000 ) (-688 -128 -1000 ) (-688 -128 -864 ) (-688 0 -864 ) 
4 54 55 (-688 -448 -960 ) (-688 -448 -896 ) (-688 -256 -896 ) (-688 -256 -960 ) 
4 55 61 (-896 0 -1000 ) (-768 0 -1000 ) (-768 -592 -1000 ) (-896 -592 -1000 ) 
4 55 60 (-768 0 -1000 ) (-688 0 -1000 ) (-688 -592 -1000 ) (-768 -592 -1000 ) 
4 56 64 (0 -1024 -1000 ) (0 -1024 -512 ) (-672 -1024 -512 ) (-672 -1024 -1000 ) 
4 56 62 (-672 -592 -1000 ) (0 -592 -1000 ) (0 -1024 -1000 ) (-672 -1024 -1000 ) 
4 56 57 (-672 -608 -1000 ) (-672 -1024 -1000 ) (-672 -1024 -512 ) (-672 -608 -512 ) 
4 57 64 (-672 -1024 -512 ) (-716.800049 -1024 -512 ) (-716.800049 -1024 -1000 ) (-672 -1024 -1000 ) 
5 57 63 (-768 -608 -1000 ) (-672 -608 -1000 ) (-672 -1024 -1000 ) (-716.800049 -1024 -1000 ) (-768 -768 -1000 ) 
4 58 62 (-672 -592 -1024 ) (0 -592 -1024 ) (0 -592 -1000 ) (-672 -592 -1000 ) 
4 58 59 (-672 0 -1024 ) (-672 -128 -1024 ) (-672 -128 -1000 ) (-672 0 -1000 ) 
4 59 60 (-688 0 -1024 ) (-688 -128 -1024 ) (-688 -128 -1000 ) (-688 0 -1000 ) 
4 60 61 (-768 0 -1024 ) (-768 -592 -1024 ) (-768 -592 -1000 ) (-768 0 -1000 ) 
4 62 65 (0 -1024 -1024 ) (0 -1024 -1000 ) (-672 -1024 -1000 ) (-672 -1024 -1024 ) 
4 62 63 (-672 -608 -1024 ) (-672 -1024 -1024 ) (-672 -1024 -1000 ) (-672 -608 -1000 ) 
4 63 65 (-672 -1024 -1000 ) (-716.800049 -1024 -1000 ) (-716.800049 -1024 -1024 ) (-672 -1024 -1024 ) 
4 64 66 (0 -2048 -1000 ) (0 -2048 -512 ) (-256 -2048 -512 ) (-256 -2048 -1000 ) 
4 64 65 (-716.800049 -1024 -1000 ) (0 -1024 -1000 ) (0 -2048 -1000 ) (-512 -2048 -1000 ) 
4 65 67 (0 -2048 -1024 ) (0 -2048 -1000 ) (-256 -2048 -1000 ) (-256 -2048 -1024 ) 
4 66 67 (-256 -2048 -1000 ) (0 -2048 -1000 ) (0 -2560 -1000 ) (-128 -2560 -1000 ) 
